Tue Sep 12 2017 12:06:32 GMT-0400 (EDT): GET /about
Tue Sep 12 2017 12:06:43 GMT-0400 (EDT): GET /
Tue Sep 12 2017 12:11:54 GMT-0400 (EDT): GET /maintainence
Tue Sep 12 2017 12:13:21 GMT-0400 (EDT): GET /maintainence
Tue Sep 12 2017 12:13:24 GMT-0400 (EDT): GET /maintenance
Tue Sep 12 2017 12:15:40 GMT-0400 (EDT): GET /maintainence
Tue Sep 12 2017 12:15:48 GMT-0400 (EDT): GET /maintainence
Tue Sep 12 2017 12:15:56 GMT-0400 (EDT): GET /maintainence
Tue Sep 12 2017 12:55:30 GMT-0400 (EDT): GET /
Tue Sep 12 2017 12:55:56 GMT-0400 (EDT): GET /
Tue Sep 12 2017 12:55:58 GMT-0400 (EDT): GET /
Tue Sep 12 2017 12:56:03 GMT-0400 (EDT): GET /
Tue Sep 12 2017 12:56:07 GMT-0400 (EDT): GET /
Tue Sep 12 2017 12:56:13 GMT-0400 (EDT): GET /
Tue Sep 12 2017 12:56:17 GMT-0400 (EDT): GET /
Tue Sep 12 2017 12:56:50 GMT-0400 (EDT): GET /
Tue Sep 12 2017 12:57:08 GMT-0400 (EDT): GET /
Tue Sep 12 2017 12:57:26 GMT-0400 (EDT): GET /
Tue Sep 12 2017 12:57:40 GMT-0400 (EDT): GET /
Tue Sep 12 2017 22:07:40 GMT-0400 (EDT): GET /
Tue Sep 12 2017 22:07:40 GMT-0400 (EDT): GET /favicon.ico
Tue Sep 12 2017 22:07:42 GMT-0400 (EDT): GET /projects
Tue Sep 12 2017 22:07:43 GMT-0400 (EDT): GET /
Tue Sep 12 2017 22:07:44 GMT-0400 (EDT): GET /about
Tue Sep 12 2017 22:07:44 GMT-0400 (EDT): GET /projects
Wed Sep 13 2017 09:34:45 GMT-0400 (EDT): GET /
Wed Sep 13 2017 09:34:45 GMT-0400 (EDT): GET /favicon.ico
Wed Sep 13 2017 09:34:48 GMT-0400 (EDT): GET /
Wed Sep 13 2017 09:34:49 GMT-0400 (EDT): GET /about
Wed Sep 13 2017 09:34:51 GMT-0400 (EDT): GET /projects
Wed Sep 13 2017 09:34:53 GMT-0400 (EDT): GET /about
Wed Sep 13 2017 09:34:53 GMT-0400 (EDT): GET /
Wed Sep 13 2017 09:34:54 GMT-0400 (EDT): GET /projects
Wed Sep 13 2017 09:34:54 GMT-0400 (EDT): GET /about
Wed Sep 13 2017 23:21:54 GMT-0400 (EDT): GET /
